SC_SMOOTHER_SADDLE changed to 4 because of continuous pressure
SC_COARSE_SMOOTHER_SADDLE changed to 4 because of continuous pressure
HOSTNAME: kelvin started on Thu Mar  5 17:20:31 2015

EXECUTED FILE: ./tnse2d.exe
VERSION: 1
GEOFILE: ../../ParMooN/data/UnitSquare.GEO
BNDFILE: ../../ParMooN/data/UnitSquare.PRM
MAPFILE: NO_MAP_FILE
LOGFILE: logfile
OUTFILE: tnse2d.out
MESHGEN_ALLOW_EDGE_REF: 0
MESHGEN_REF_QUALITY: 30
ANSATZ_ORDER: 2
TEST_ORDER: 2
VELOCITY_SPACE: 2
PRESSURE_SPACE: -4711
PRESSURE_SEPARATION: 0
OMPNUMTHREADS: 1
LEVELS: 1000
N_CELL_LAYERS: 1
UNIFORM_STEPS: 4
DRIFT_X: 0.000000e+00
DRIFT_Y: 0.000000e+00
DRIFT_Z: 4.100000e-01
REFINEMENT: 0
GRID_TYPE: 0
CHANNEL_GRID_STRETCH: 2.750000e+00
ADAPTIVE_REFINEMENT_CRITERION: 3
ERROR_CONTROL: 1
REFINE_STRATEGY: 0
MAX_CELL_LEVEL: 1000
REFTOL: 5.000000e-01
COARSETOL: 0.000000e+00
MIN_FRACTION_TO_CHANGE: 1.000000e-01
DECREASE_REFTOL_FACTOR: 8.000000e-01
INCREASE_COARSETOL_FACTOR: 1.100000e+00
FRACTION_OF_ERROR: 2.500000e-01
CONVERT_QUAD_TO_TRI: 0
DISCTYPE: 9
INTL_DISCTYPE: 1
UPWIND_ORDER: 0
UPWIND_FLUX_DAMP: 1.000000e+00
UPWIND_APPLICATION: 0
SHISHKIN_MESH: 0
SHISHKIN_DIAM: 1.000000e+00
NSTYPE: 4
LAPLACETYPE: 1
USE_ISOPARAMETRIC: 1
VMM_COARSE_LEVEL: 4711
VMM_COARSE_SPACE_ORDER: 1
RFB_SUBMESH_LAYERS: 3
DEFECT_CORRECTION_TYPE: 0
CELL_MEASURE: 0
FACE_SIGMA: 1.000000e+00
WEAK_BC_SIGMA: 1.000000e+00
WEAK_BC: 0
RE_NR: 1.000000e+00
START_RE_NR: 1.000000e+00
RE_NR_INCREMENT: 1.000000e+00
FR_NR: 1.000000e+00
WB_NR: 1.000000e+00
PR_NR: 1.000000e+00
PE_NR: 1.000000e+00
BI_NR: 0.000000e+00
Axial3D: 0
Axial3DAxis: 0
STOKES_PROBLEM: 0
DELTA0: 0.000000e+00
SDFEM_POWER0: 1.000000e+00
SDFEM_TYPE: 2
SDFEM_NORM_B: 0
DELTA1: 0.000000e+00
ADJOINT_FACTOR_4_OMEGA_EQ_0: 1.000000e+01
SOLD_TYPE: 0
SOLD_PARAMETER_TYPE: 11
SOLD_CONST: 1.000000e+00
SOLD_POWER: 1.000000e+00
SOLD_S: 1.000000e+00
SOLD_U0: 1.000000e+00
SOLD_PARAMETER_SCALING: 0
SOLD_PARAMETER_SCALING_FACTOR: 1.000000e+00
FILTER_WIDTH_CONSTANT: 2.000000e+00
FILTER_WIDTH_POWER: 1.000000e+00
GAUSSIAN_GAMMA: 6.000000e+00
CONVOLUTE_SOLUTION: 0
TURBULENT_VISCOSITY_TYPE: 1
TURBULENT_VISCOSITY_TENSOR: 0
TURBULENT_VISCOSITY_CONSTANT: 1.000000e-02
TURBULENT_VISCOSITY_POWER: 1.000000e+00
TURBULENT_VISCOSITY_SIGMA: 6.000000e+00
ARTIFICIAL_VISCOSITY_CONSTANT: 1.000000e+00
ARTIFICIAL_VISCOSITY_POWER: 1.000000e+00
FRICTION_CONSTANT: 1.000000e+00
FRICTION_POWER: 0.000000e+00
FRICTION_TYPE: 0
FRICTION_U0: 1.000000e+00
PENETRATION_CONSTANT: 0.000000e+00
PENETRATION_POWER: 0.000000e+00
DIV_DIV_STAB_TYPE: 0
DIV_DIV_STAB_C1: 2.000000e+00
DIV_DIV_STAB_C2: 1.000000e+00
NSE_NONLINEAR_FORM: 2
LP_FULL_GRADIENT: 0
LP_STREAMLINE: 0
LP_DIVERGENCE: 0
LP_PRESSURE: 0
LP_FULL_GRADIENT_COEFF: 0.000000e+00
LP_STREAMLINE_COEFF: 0.000000e+00
LP_DIVERGENCE_COEFF: 0.000000e+00
LP_PRESSURE_COEFF: 0.000000e+00
LP_FULL_GRADIENT_EXPONENT: 1.000000e+00
LP_STREAMLINE_EXPONENT: 1.000000e+00
LP_DIVERGENCE_EXPONENT: 1.000000e+00
LP_PRESSURE_EXPONENT: 1.000000e+00
LP_ORDER_DIFFERENCE: 1
LP_FULL_GRADIENT_ORDER_DIFFERENCE: 1
LP_STREAMLINE_ORDER_DIFFERENCE: 1
LP_DIVERGENCE_ORDER_DIFFERENCE: 1
LP_PRESSURE_ORDER_DIFFERENCE: 1
PSBASENAME: unitsquare
GRAPEBASENAME: MooN_MD_default_grapebasefile
GNUBASENAME: MooN_MD_default_gnubasefile
GMVBASENAME: MooN_MD_default_gmvbasefile
VTKBASENAME: unitsquare
SAVE_DATA_FILENAME: MooN_MD_default_save_data_filename
READ_DATA_FILENAME: MooN_MD_default_read_data_filename
READGRAPEBASENAME: NO_READGRAPEBASENAME
SOLVER_TYPE: 1
WRITE_PS: 0
WRITE_GRAPE: 0
WRITE_GMV: 0
WRITE_AMIRA: 0
WRITE_GNU: 0
WRITE_AMIRA: 0
WRITE_VTK: 0
WRITE_MATLAB_MATRIX: 0
WRITE_MATLAB: 0
SAVE_DATA: 0
READ_DATA: 0
MEASURE_ERRORS: 1
ESTIMATE_ERRORS: 0
SOLVE_ADJOINT_PROBLEM: 0
COMPUTE_VORTICITY_DIVERGENCE: 0
READ_GRAPE_FILE: 0
P0: 0.000000e+00
P1: 0.000000e+00
P2: 1.000000e+00
P3: 0.000000e+00
P4: 0.000000e+00
P5: 0.000000e+00
P6: 0.000000e+00
P7: 0.000000e+00
P8: 0.000000e+00
P9: 0.000000e+00
P10: 0.000000e+00
P11: 0.000000e+00
P12: 0.000000e+00
P13: 0.000000e+00
P14: 0.000000e+00
P15: 0.000000e+00
PBE_P0: 0
PBE_P1: 0
PBE_P2: 0
PBE_P3: 1
PBE_P4: 0
PBE_P5: 0
PBE_P6: 0
PBE_P7: 0
PBE_P8: 0
PBE_P9: 0
DG_P0: 0.000000e+00
DG_P1: 0.000000e+00
DG_P2: 0.000000e+00
DG_P3: 0.000000e+00
DG_P4: 0.000000e+00
DG_P5: 0.000000e+00
DG_P6: 0.000000e+00
DG_P7: 0.000000e+00
DG_P8: 0.000000e+00
DG_P9: 0.000000e+00
VORTICITY THICKNESS FOR MIXING LAYER (P8): 0.000000e+00
*********** PARAMETERS FOR SCALAR SOLVER ***********
SC_NONLIN_ITE_TYPE_SCALAR: 0
SC_NONLIN_MAXIT_SCALAR: 10000
SC_NONLIN_RES_NORM_MIN_SCALAR: 1.000000e-10
SC_NONLIN_DAMP_FACTOR_SCALAR: 1.000000e+00
SC_SOLVER_SCALAR: 16
SC_PRECONDITIONER_SCALAR: 5
SC_LIN_RED_FACTOR_SCALAR: 0.000000e+00
SC_LIN_RES_NORM_MIN_SCALAR: 1.000000e-10
SC_LIN_MAXIT_SCALAR: 10000
SC_LIN_RED_FACTOR_SCALAR_SOLD: 0.000000e+00
SC_LIN_RES_NORM_MIN_SCALAR_SOLD: 1.000000e-10
SC_LIN_MAXIT_SCALAR_SOLD: 10000
SC_NONLIN_ITE_ADJOINT: 1000
SC_MG_TYPE_SCALAR: 0
SC_MG_CYCLE_SCALAR: 1
SC_SMOOTHER_SCALAR: 3
SC_PRE_SMOOTH_SCALAR: 2
SC_POST_SMOOTH_SCALAR: 2
SC_SMOOTH_DAMP_FACTOR_SCALAR: 1.000000e+00
SC_SMOOTH_DAMP_FACTOR_FINE_SCALAR: 1.000000e+00
SC_SMOOTH_DAMP_FACTOR_COARSE_SCALAR: 1.000000e+00
SC_COARSE_SMOOTHER_SCALAR: 3
SC_COARSE_MAXIT_SCALAR: 10
SC_COARSE_RED_FACTOR_SCALAR: 1.000000e-01
SC_GMG_DAMP_FACTOR_SCALAR: 1.000000e+00
SC_GMG_DAMP_FACTOR_FINE_SCALAR: 1.000000e+00
SC_COARSEST_LEVEL_SCALAR: 0
SC_FIRST_SOLUTION_LEVEL_SCALAR: 0
SC_STEP_LENGTH_CONTROL_FINE_SCALAR: 0
SC_STEP_LENGTH_CONTROL_ALL_SCALAR: 1
*********** PARAMETERS FOR SADDLE POINT SOLVER ***********
SC_NONLIN_ITE_TYPE_SADDLE: 0
SC_NONLIN_MAXIT_SADDLE: 2
SC_NONLIN_RES_NORM_MIN_SADDLE: 1.000000e-10
SC_NONLIN_DAMP_FACTOR_SADDLE: 1.000000e+00
SC_NONLIN_RES_NORM_MIN_SCALE_SADDLE: 0
SC_SOLVER_SADDLE: 16
SC_PRECONDITIONER_SADDLE: 5
SC_LIN_RED_FACTOR_SADDLE: 0.000000e+00
SC_LIN_RES_NORM_MIN_SADDLE: 1.000000e-10
SC_LIN_MAXIT_SADDLE: 10000
SC_MG_TYPE_SADDLE: 0
SC_MG_CYCLE_SADDLE: 1
SC_SMOOTHER_SADDLE: 4
SC_PRE_SMOOTH_SADDLE: 2
SC_POST_SMOOTH_SADDLE: 2
SC_SMOOTH_DAMP_FACTOR_SADDLE: 1.000000e+00
SC_SMOOTH_DAMP_FACTOR_FINE_SADDLE: 1.000000e+00
SC_SMOOTH_DAMP_FACTOR_COARSE_SADDLE: 1.000000e+00
SC_COARSE_SMOOTHER_SADDLE: 4
SC_COARSE_MAXIT_SADDLE: 10
SC_COARSE_RED_FACTOR_SADDLE: 1.000000e-01
SC_GMG_DAMP_FACTOR_SADDLE: 1.000000e+00
SC_GMG_DAMP_FACTOR_FINE_SADDLE: 1.000000e+00
SC_COARSEST_LEVEL_SADDLE: 0
SC_FIRST_SOLUTION_LEVEL_SADDLE: 0
SC_STEP_LENGTH_CONTROL_FINE_SADDLE: 0
SC_STEP_LENGTH_CONTROL_ALL_SADDLE: 0
SC_LARGEST_DIRECT_SOLVE: 100
SC_DOWNWIND_TYPE: 0
CC_ALPHA: 3.333333e-01
CC_BETA: 1.000000e-05
CC_MINCLUSTER: 4
CC_MAXCLUSTER: 6
CC_MAXDISTANCE: 2
CC_MAXCONNECTIVITY: 15
CC_DEPTHTARGET: 20
CC_COARSENTARGET: 200
CC_COARSENRATE: 1.200000e+00
CC_MAJOR: -1
CC_DEPENDENCY: 1
CC_RESCALE: 1.800000e+00
CC_VERBOSE: 0
SC_SYSTEM_TYPE: 0
SC_AMG_PREC_IT: 1
SC_AMG_PREC_RED_FACTOR: 5.000000e-01
SC_SMOOTHER_RED_FACTOR: 1.000000e-01
SC_EX_MAXIT: 0
SC_GMRES_RESTART: 10
SC_LCD_START_VECTOR: 0
SC_ILU_BETA: 0.000000e+00
SC_SOR_OMEGA: 1.500000e+00
SC_OMEGA_COARSE_0: 1.000000e+00
SC_OMEGA_P_0: 1.000000e+00
SC_ILUT_TOL: 1.000000e-02
SC_ILUT_ABSOLUTE_FILLIN: 1
SC_ILUT_RELATIVE_FILLIN: 1.000000e+00
SC_ILUT_SORT: 0
SC_SCHUR_INV_OF_A: 3
SC_SCHUR_INV_OF_A_MAXIT: 1
SC_SCHUR_ITERATION_DAMP: 5.000000e-01
SC_SCHUR_ITERATION_MAXIT: 100
SC_SCHUR_STEP_LENGTH_CONTROL: 0
SC_MIXED_BCGS_CGS_SWITCH_TOL: 100
SC_DIV_FACTOR: 1.000000e+10
SC_SMOOTHING_STEPS: 0
SC_N1_PARAM: 1
SC_N2_PARAM: 1
SC_MINIT: 0
SC_VAS_LAZ_DELTA: 1.000000e+00
SC_ROW_EQUILIBRATION: 0
SC_BRAESS_SARAZIN_MATRIX: 2
SC_BRAESS_SARAZIN_ALPHA: 1.500000e+00
SC_VERBOSE: 0
SC_VERBOSE_AMG: 1
CHAR_L0: 1.000000e+00
D_VISCOSITY: 1.000000e+00
SURF_TENSION: 0.000000e+00
IMPACT_ANGLE: 9.000000e+01
Area: 1.000000e+00
VMS_LARGE_VELOCITY_SPACE: 0
VMS_COARSE_MG_SMAGO: 1
VMS_ADAPT_LOWER: 2.500000e-01
VMS_ADAPT_MIDDLE: 1.000000e+00
VMS_ADAPT_UPPER: 3.000000e+00
VMS_ADAPT_STEPS: 1
VMS_ADAPT_COMP: 1
SUPERCONVERGENCE_ORDER: 0
FEM_FCT_LINEAR_TYPE: 1
FEM_FCT_PRELIMITING: 0
NC_TYPE: 3
CHANNEL_STATISTICS2_WITH_MODEL: 0
BULK_REACTION_DISC: 1
BULK_PB_DISC: 3
BULK_PB_DISC_STAB: 1
BULK_COUPLING: 1
BULK_GROWTH_RATE: 1
BULK_REACTION_MASS_LUMPING: 0
BULK_REACTION_C_CUT: 6.000000e+00
BULK_METHODS_OF_MOMENTS: 0
BULK_MOM_DISC: 2
BULK_SOLD_PARAMETER_TYPE: 51
N_CELL_LAYERS_PSD: 16
OUTPUT_NODE_LAYER_PSD: 1
BULK_l_infty: 1.000000e+00
BULK_u_infty: 1.000000e-03
BULK_c_infty: 1.000000e+00
BULK_c_C_infty_sat: 1.370000e-04
BULK_C_g: 4.598000e+01
BULK_C_nuc: 1.533000e+01
BULK_C_sat: 1.370000e-04
BULK_C_2: 7.200000e-09
BULK_D_A: 1.500000e-09
BULK_D_P_0: 1.000000e-09
BULK_D_P_MAX: 1.000000e-03
BULK_k_g: 1.000000e-07
BULK_k_r: 1.000000e-02
BULK_k_nuc: 1.000000e+24
SSMUM_MP_X: 5.000000e-01
SSMUM_MP_Y: 5.000000e-01
SSMUM_INNER_RADIUS: 2.500000e-01
SSMUM_OUTER_RADIUS: 3.500000e-01
SSMUM_ROT_PER_SECOND: 5.000000e-01
SSMUM_MAX_CELLS_LAYERS: 1024
SSMUM_INTERPOLATION: 0
HEAT_TANGENTIAL_STRESS_FACTOR: 0.000000e+00
HEAT_SOLID_SURFACE_FACTOR: 1.000000e+00
EQ_CONTACT_ANGLE: 0.000000e+00
AD_CONTACT_ANGLE: 0.000000e+00
RE_CONTACT_ANGLE: 0.000000e+00
DY_CONTACT_ANGLE: 0.000000e+00
CONTACT_ANGLE_TYPE: 0
CURRENTTIME: 0.000000e+00
CURRENTTIMESTEPLENGTH: 1.000000e+00
TIMESTEPLENGTH: 5.000000e-02
MIN_TIMESTEPLENGTH: 1.000000e-04
MAX_TIMESTEPLENGTH: 5.000000e-01
TIMESTEPLENGTH_TOL: 1.000000e-03
TIMESTEPLENGTH_CONTROL: 0
RESET_CURRENTTIME: 0
RESET_CURRENTTIME_STARTTIME: 0.000000e+00
STEADY_STATE_TOL: 1.000000e-03
SCALE_DIVERGENCE_CONSTRAINT: -1.000000e+00
THETA1: 1.000000e+00
THETA2: 0.000000e+00
THETA3: 0.000000e+00
THETA4: 1.000000e+00
TIME_DISC: 2
TIME_DISC2: -1
STARTTIME: 0.000000e+00
ENDTIME: 1.000000e+00
T0: 0.000000e+00
T1: 0.000000e+00
T2: 0.000000e+00
T3: 0.000000e+00
T4: 0.000000e+00
T5: 0.000000e+00
T6: 0.000000e+00
T7: 0.000000e+00
T8: 0.000000e+00
T9: 0.000000e+00
STEPS_PER_IMAGE: 10
RB_TYPE: 3
RB_TYPE2: -1
EXTRAPOLATE_VELOCITY: 0
EXTRAPOLATE_PRESSURE: 0
EXTRAPOLATE_STEPS: 0.000000e+00
EXTRAPOLATE_WEIGHT: 1.000000e+00
Example: Bsp1.h
N_Cells : 256
Dof Velocity :       2178
Dof Pressure :        289
Total Dof all:       2467
Dof Projection :        256
Quadrature formula for quadrilateral is Gauss4
Theta1: 5.000000e-01
Theta2: 5.000000e-01
Theta3: 5.000000e-01
Theta4: 5.000000e-01

CURRENT TIME: 5.000000e-02
Nonlinear iteration step   0  2.182333e-03  1.013453e-04  4.778784e-02
nonlinear iteration step   1  2.220762e-11  0.000000e+00  4.712496e-06
nonlinear iteration step   2  2.758101e-19  4.814825e-35  5.251763e-10
L2(u): 7.158399e-03
H1-semi(u): 2.221015e-01
L2(p): 3.860301e-01
H1-semi(p): 1.140570e+01
5.000000e-02 l_infty(L2(u)) 7.158399e-03
5.000000e-02 L2(0,t,L2)(u) : 1.131842e-03

CURRENT TIME: 1.000000e-01
Nonlinear iteration step   0  1.600340e-01  0.000000e+00  4.000425e-01
nonlinear iteration step   1  5.112947e-11  0.000000e+00  7.150488e-06
nonlinear iteration step   2  2.839730e-19  4.814825e-35  5.328911e-10
L2(u): 5.822178e-03
H1-semi(u): 2.067298e-01
L2(p): 2.458070e-02
H1-semi(p): 1.458460e-01
5.000000e-02 l_infty(L2(u)) 7.158399e-03
1.000000e-01 L2(0,t,L2)(u) : 1.846504e-03

CURRENT TIME: 1.500000e-01
Nonlinear iteration step   0  1.579964e-01  0.000000e+00  3.974876e-01
nonlinear iteration step   1  1.196032e-10  0.000000e+00  1.093632e-05
nonlinear iteration step   2  1.748738e-18  7.703720e-34  1.322399e-09
L2(u): 5.041013e-03
H1-semi(u): 1.952154e-01
L2(p): 2.337696e-02
H1-semi(p): 1.336094e-01
5.000000e-02 l_infty(L2(u)) 7.158399e-03
1.500000e-01 L2(0,t,L2)(u) : 2.211858e-03

CURRENT TIME: 2.000000e-01
Nonlinear iteration step   0  1.555730e-01  0.000000e+00  3.944275e-01
nonlinear iteration step   1  1.840269e-10  0.000000e+00  1.356565e-05
nonlinear iteration step   2  2.478813e-18  3.851860e-34  1.574425e-09
L2(u): 4.505191e-03
H1-semi(u): 1.858705e-01
L2(p): 2.410048e-02
H1-semi(p): 1.367643e-01
5.000000e-02 l_infty(L2(u)) 7.158399e-03
2.000000e-01 L2(0,t,L2)(u) : 2.456630e-03

CURRENT TIME: 2.500000e-01
Nonlinear iteration step   0  1.524760e-01  0.000000e+00  3.904818e-01
nonlinear iteration step   1  2.886478e-10  0.000000e+00  1.698964e-05
nonlinear iteration step   2  5.787736e-18  0.000000e+00  2.405771e-09
L2(u): 4.102413e-03
H1-semi(u): 1.779146e-01
L2(p): 2.645447e-02
H1-semi(p): 1.531472e-01
5.000000e-02 l_infty(L2(u)) 7.158399e-03
2.500000e-01 L2(0,t,L2)(u) : 2.638787e-03

CURRENT TIME: 3.000000e-01
Nonlinear iteration step   0  1.485901e-01  0.000000e+00  3.854739e-01
nonlinear iteration step   1  3.805547e-10  0.000000e+00  1.950781e-05
nonlinear iteration step   2  7.842602e-18  0.000000e+00  2.800465e-09
L2(u): 3.783227e-03
H1-semi(u): 1.710026e-01
L2(p): 3.037153e-02
H1-semi(p): 1.808645e-01
5.000000e-02 l_infty(L2(u)) 7.158399e-03
3.000000e-01 L2(0,t,L2)(u) : 2.782402e-03

CURRENT TIME: 3.500000e-01
Nonlinear iteration step   0  1.440930e-01  0.000000e+00  3.795959e-01
nonlinear iteration step   1  5.103137e-10  0.000000e+00  2.259012e-05
nonlinear iteration step   2  1.262786e-17  1.540744e-33  3.553571e-09
L2(u): 3.520213e-03
H1-semi(u): 1.648346e-01
L2(p): 3.580895e-02
H1-semi(p): 2.184599e-01
5.000000e-02 l_infty(L2(u)) 7.158399e-03
3.500000e-01 L2(0,t,L2)(u) : 2.899893e-03

CURRENT TIME: 4.000000e-01
Nonlinear iteration step   0  1.388955e-01  0.000000e+00  3.726869e-01
nonlinear iteration step   1  6.113170e-10  0.000000e+00  2.472483e-05
nonlinear iteration step   2  1.602683e-17  0.000000e+00  4.003353e-09
L2(u): 3.298067e-03
H1-semi(u): 1.593225e-01
L2(p): 4.259614e-02
H1-semi(p): 2.642398e-01
5.000000e-02 l_infty(L2(u)) 7.158399e-03
4.000000e-01 L2(0,t,L2)(u) : 2.998517e-03

CURRENT TIME: 4.500000e-01
Nonlinear iteration step   0  1.331773e-01  0.000000e+00  3.649347e-01
nonlinear iteration step   1  7.500954e-10  0.000000e+00  2.738787e-05
nonlinear iteration step   2  2.169025e-17  3.081488e-33  4.657279e-09
L2(u): 3.106435e-03
H1-semi(u): 1.542742e-01
L2(p): 5.058552e-02
H1-semi(p): 3.171131e-01
5.000000e-02 l_infty(L2(u)) 7.158399e-03
4.500000e-01 L2(0,t,L2)(u) : 3.082902e-03

CURRENT TIME: 5.000000e-01
Nonlinear iteration step   0  1.268725e-01  0.000000e+00  3.561917e-01
nonlinear iteration step   1  8.417448e-10  0.000000e+00  2.901284e-05
nonlinear iteration step   2  2.613117e-17  0.000000e+00  5.111866e-09
L2(u): 2.938848e-03
H1-semi(u): 1.496992e-01
L2(p): 5.959096e-02
H1-semi(p): 3.759198e-01
5.000000e-02 l_infty(L2(u)) 7.158399e-03
5.000000e-01 L2(0,t,L2)(u) : 3.156177e-03

CURRENT TIME: 5.500000e-01
Nonlinear iteration step   0  1.201613e-01  0.000000e+00  3.466429e-01
nonlinear iteration step   1  9.710801e-10  0.000000e+00  3.116216e-05
nonlinear iteration step   2  3.208107e-17  6.162976e-33  5.664016e-09
L2(u): 2.790485e-03
H1-semi(u): 1.454329e-01
L2(p): 6.947253e-02
H1-semi(p): 4.398635e-01
5.000000e-02 l_infty(L2(u)) 7.158399e-03
5.500000e-01 L2(0,t,L2)(u) : 3.220566e-03

CURRENT TIME: 6.000000e-01
Nonlinear iteration step   0  1.129983e-01  0.000000e+00  3.361522e-01
nonlinear iteration step   1  1.036678e-09  0.000000e+00  3.219749e-05
nonlinear iteration step   2  3.706676e-17  0.000000e+00  6.088248e-09
L2(u): 2.657847e-03
H1-semi(u): 1.415388e-01
L2(p): 8.006888e-02
H1-semi(p): 5.080027e-01
5.000000e-02 l_infty(L2(u)) 7.158399e-03
6.000000e-01 L2(0,t,L2)(u) : 3.277700e-03

CURRENT TIME: 6.500000e-01
Nonlinear iteration step   0  1.055618e-01  0.000000e+00  3.249027e-01
nonlinear iteration step   1  1.139454e-09  0.000000e+00  3.375580e-05
nonlinear iteration step   2  4.275998e-17  6.162976e-33  6.539112e-09
L2(u): 2.538505e-03
H1-semi(u): 1.378542e-01
L2(p): 9.125210e-02
H1-semi(p): 5.796075e-01
5.000000e-02 l_infty(L2(u)) 7.158399e-03
6.500000e-01 L2(0,t,L2)(u) : 3.328817e-03

CURRENT TIME: 7.000000e-01
Nonlinear iteration step   0  9.782435e-02  0.000000e+00  3.127689e-01
nonlinear iteration step   1  1.166103e-09  0.000000e+00  3.414825e-05
nonlinear iteration step   2  4.772491e-17  6.162976e-33  6.908322e-09
L2(u): 2.430091e-03
H1-semi(u): 1.344804e-01
L2(p): 1.028741e-01
H1-semi(p): 6.537907e-01
5.000000e-02 l_infty(L2(u)) 7.158399e-03
7.000000e-01 L2(0,t,L2)(u) : 3.374872e-03

CURRENT TIME: 7.500000e-01
Nonlinear iteration step   0  8.995927e-02  0.000000e+00  2.999321e-01
nonlinear iteration step   1  1.229488e-09  0.000000e+00  3.506405e-05
nonlinear iteration step   2  5.269754e-17  6.162976e-33  7.259307e-09
L2(u): 2.331500e-03
H1-semi(u): 1.312468e-01
L2(p): 1.148100e-01
H1-semi(p): 7.298150e-01
5.000000e-02 l_infty(L2(u)) 7.158399e-03
7.500000e-01 L2(0,t,L2)(u) : 3.416619e-03

CURRENT TIME: 8.000000e-01
Nonlinear iteration step   0  8.195429e-02  0.000000e+00  2.862766e-01
nonlinear iteration step   1  1.210021e-09  0.000000e+00  3.478536e-05
nonlinear iteration step   2  5.711341e-17  0.000000e+00  7.557342e-09
L2(u): 2.240782e-03
H1-semi(u): 1.282848e-01
L2(p): 1.269181e-01
H1-semi(p): 8.068074e-01
5.000000e-02 l_infty(L2(u)) 7.158399e-03
8.000000e-01 L2(0,t,L2)(u) : 3.454665e-03

CURRENT TIME: 8.500000e-01
Nonlinear iteration step   0  7.397456e-02  0.000000e+00  2.719827e-01
nonlinear iteration step   1  1.227450e-09  0.000000e+00  3.503498e-05
nonlinear iteration step   2  6.100830e-17  1.232595e-32  7.810781e-09
L2(u): 2.157713e-03
H1-semi(u): 1.254117e-01
L2(p): 1.390740e-01
H1-semi(p): 8.840170e-01
5.000000e-02 l_infty(L2(u)) 7.158399e-03
8.500000e-01 L2(0,t,L2)(u) : 3.489503e-03

CURRENT TIME: 9.000000e-01
Nonlinear iteration step   0  6.601976e-02  0.000000e+00  2.569431e-01
nonlinear iteration step   1  1.161653e-09  0.000000e+00  3.408303e-05
nonlinear iteration step   2  6.445578e-17  0.000000e+00  8.028435e-09
L2(u): 2.080430e-03
H1-semi(u): 1.227840e-01
L2(p): 1.511413e-01
H1-semi(p): 9.605904e-01
5.000000e-02 l_infty(L2(u)) 7.158399e-03
9.000000e-01 L2(0,t,L2)(u) : 3.521538e-03

CURRENT TIME: 9.500000e-01
Nonlinear iteration step   0  5.824383e-02  0.000000e+00  2.413376e-01
nonlinear iteration step   1  1.133733e-09  0.000000e+00  3.367095e-05
nonlinear iteration step   2  6.704094e-17  1.232595e-32  8.187853e-09
L2(u): 2.009378e-03
H1-semi(u): 1.202053e-01
L2(p): 1.629979e-01
H1-semi(p): 1.035781e+00
5.000000e-02 l_infty(L2(u)) 7.158399e-03
9.500000e-01 L2(0,t,L2)(u) : 3.551109e-03

CURRENT TIME: 1.000000e+00
Nonlinear iteration step   0  5.065516e-02  0.000000e+00  2.250670e-01
nonlinear iteration step   1  1.028518e-09  0.000000e+00  3.207051e-05
nonlinear iteration step   2  6.924751e-17  1.232595e-32  8.321509e-09
L2(u): 1.942601e-03
H1-semi(u): 1.178541e-01
L2(p): 1.745153e-01
H1-semi(p): 1.108776e+00
5.000000e-02 l_infty(L2(u)) 7.158399e-03
1.000000e+00 L2(0,t,L2)(u) : 3.578500e-03
